<?xml version="1.0" encoding="UTF-8"?>
<!-- Generated by org.testng.reporters.JUnitXMLReporter -->
<testsuite ignored="1" hostname="DESKTOP-M34RMDV" failures="0" tests="2" name="Test" time="68.862" errors="0" timestamp="2021-08-24T14:10:32 IST">
  <testcase classname="com.vtiger.comcast.leadsTest.NavigateToLeadPageTest" name="CreateNewLeadByFillAllTheMandotoryFieldsAndSaveTest" time="21.009"/>
  <testcase classname="com.vtiger.comcast.leadsTest.NavigateToLeadPageTest" name="CreateNewLeadByFillAllTheFieldsAndSaveTest" time="15.76"/>
  <testcase classname="com.vtiger.comcast.leadsTest.NavigateToLeadPageTest" name="navigateToLeadPageTest" time="0.0">
    <ignored/>
  </testcase> <!-- navigateToLeadPageTest -->
</testsuite> <!-- Test -->
