# JRE version: Java(TM) SE Runtime Environment (8.0_221-b11) (build 1.8.0_221-b11)
# Java VM: Java HotSpot(TM) 64-Bit Server VM (25.221-b11 mixed mode windows-amd64 compressed oops)
Heap:
 PSYoungGen      total 73728K, used 73193K [0x00000000f5700000, 0x00000000fc500000, 0x0000000100000000)
  eden space 67072K, 99% used [0x00000000f5700000,0x00000000f98006f8,0x00000000f9880000)
  from space 6656K, 99% used [0x00000000f9880000,0x00000000f9ef9fe8,0x00000000f9f00000)
  to   space 11264K, 0% used [0x00000000fba00000,0x00000000fba00000,0x00000000fc500000)
 ParOldGen       total 26624K, used 18423K [0x00000000e0400000, 0x00000000e1e00000, 0x00000000f5700000)
  object space 26624K, 69% used [0x00000000e0400000,0x00000000e15fdd00,0x00000000e1e00000)
 Metaspace       used 23087K, capacity 23490K, committed 23552K, reserved 1071104K
  class space    used 2652K, capacity 2800K, committed 2816K, reserved 1048576K
GC Heap History (10 events):
Event: 5.822 GC heap before
{Heap before GC invocations=8 (full 0):
 PSYoungGen      total 38400K, used 38386K [0x00000000f5700000, 0x00000000fa500000, 0x0000000100000000)
  eden space 33792K, 100% used [0x00000000f5700000,0x00000000f7800000,0x00000000f7800000)
  from space 4608K, 99% used [0x00000000f7800000,0x00000000f7c7c948,0x00000000f7c80000)
  to   space 6144K, 0% used [0x00000000f9f00000,0x00000000f9f00000,0x00000000fa500000)
 ParOldGen       total 22016K, used 9241K [0x00000000e0400000, 0x00000000e1980000, 0x00000000f5700000)
  object space 22016K, 41% used [0x00000000e0400000,0x00000000e0d06650,0x00000000e1980000)
 Metaspace       used 15690K, capacity 15918K, committed 16128K, reserved 1062912K
  class space    used 1855K, capacity 1941K, committed 2048K, reserved 1048576K
Event: 5.831 GC heap after
Heap after GC invocations=8 (full 0):
 PSYoungGen      total 73216K, used 5168K [0x00000000f5700000, 0x00000000fa600000, 0x0000000100000000)
  eden space 67072K, 0% used [0x00000000f5700000,0x00000000f5700000,0x00000000f9880000)
  from space 6144K, 84% used [0x00000000f9f00000,0x00000000fa40c030,0x00000000fa500000)
  to   space 6656K, 0% used [0x00000000f9880000,0x00000000f9880000,0x00000000f9f00000)
 ParOldGen       total 22016K, used 9393K [0x00000000e0400000, 0x00000000e1980000, 0x00000000f5700000)
  object space 22016K, 42% used [0x00000000e0400000,0x00000000e0d2c650,0x00000000e1980000)
 Metaspace       used 15690K, capacity 15918K, committed 16128K, reserved 1062912K
  class space    used 1855K, capacity 1941K, committed 2048K, reserved 1048576K
}
Event: 7.780 GC heap before
{Heap before GC invocations=9 (full 0):
 PSYoungGen      total 73216K, used 72240K [0x00000000f5700000, 0x00000000fa600000, 0x0000000100000000)
  eden space 67072K, 100% used [0x00000000f5700000,0x00000000f9880000,0x00000000f9880000)
  from space 6144K, 84% used [0x00000000f9f00000,0x00000000fa40c030,0x00000000fa500000)
  to   space 6656K, 0% used [0x00000000f9880000,0x00000000f9880000,0x00000000f9f00000)
 ParOldGen       total 22016K, used 9393K [0x00000000e0400000, 0x00000000e1980000, 0x00000000f5700000)
  object space 22016K, 42% used [0x00000000e0400000,0x00000000e0d2c650,0x00000000e1980000)
 Metaspace       used 19849K, capacity 20234K, committed 20480K, reserved 1067008K
  class space    used 2384K, capacity 2509K, committed 2560K, reserved 1048576K
Event: 7.809 GC heap after
Heap after GC invocations=9 (full 0):
 PSYoungGen      total 73728K, used 6639K [0x00000000f5700000, 0x00000000fa600000, 0x0000000100000000)
  eden space 67072K, 0% used [0x00000000f5700000,0x00000000f5700000,0x00000000f9880000)
  from space 6656K, 99% used [0x00000000f9880000,0x00000000f9efbe40,0x00000000f9f00000)
  to   space 6144K, 0% used [0x00000000f9f00000,0x00000000f9f00000,0x00000000fa500000)
 ParOldGen       total 22016K, used 11398K [0x00000000e0400000, 0x00000000e1980000, 0x00000000f5700000)
  object space 22016K, 51% used [0x00000000e0400000,0x00000000e0f219a0,0x00000000e1980000)
 Metaspace       used 19849K, capacity 20234K, committed 20480K, reserved 1067008K
  class space    used 2384K, capacity 2509K, committed 2560K, reserved 1048576K
}
Event: 8.328 GC heap before
{Heap before GC invocations=10 (full 0):
 PSYoungGen      total 73728K, used 14706K [0x00000000f5700000, 0x00000000fa600000, 0x0000000100000000)
  eden space 67072K, 12% used [0x00000000f5700000,0x00000000f5ee0b58,0x00000000f9880000)
  from space 6656K, 99% used [0x00000000f9880000,0x00000000f9efbe40,0x00000000f9f00000)
  to   space 6144K, 0% used [0x00000000f9f00000,0x00000000f9f00000,0x00000000fa500000)
 ParOldGen       total 22016K, used 11398K [0x00000000e0400000, 0x00000000e1980000, 0x00000000f5700000)
  object space 22016K, 51% used [0x00000000e0400000,0x00000000e0f219a0,0x00000000e1980000)
 Metaspace       used 20750K, capacity 21130K, committed 21296K, reserved 1069056K
  class space    used 2479K, capacity 2637K, committed 2688K, reserved 1048576K
Event: 8.344 GC heap after
Heap after GC invocations=10 (full 0):
 PSYoungGen      total 73216K, used 4125K [0x00000000f5700000, 0x00000000fa600000, 0x0000000100000000)
  eden space 67072K, 0% used [0x00000000f5700000,0x00000000f5700000,0x00000000f9880000)
  from space 6144K, 67% used [0x00000000f9f00000,0x00000000fa3077a8,0x00000000fa500000)
  to   space 6656K, 0% used [0x00000000f9880000,0x00000000f9880000,0x00000000f9f00000)
 ParOldGen       total 22016K, used 14822K [0x00000000e0400000, 0x00000000e1980000, 0x00000000f5700000)
  object space 22016K, 67% used [0x00000000e0400000,0x00000000e12799a0,0x00000000e1980000)
 Metaspace       used 20750K, capacity 21130K, committed 21296K, reserved 1069056K
  class space    used 2479K, capacity 2637K, committed 2688K, reserved 1048576K
}
Event: 8.344 GC heap before
{Heap before GC invocations=11 (full 1):
 PSYoungGen      total 73216K, used 4125K [0x00000000f5700000, 0x00000000fa600000, 0x0000000100000000)
  eden space 67072K, 0% used [0x00000000f5700000,0x00000000f5700000,0x00000000f9880000)
  from space 6144K, 67% used [0x00000000f9f00000,0x00000000fa3077a8,0x00000000fa500000)
  to   space 6656K, 0% used [0x00000000f9880000,0x00000000f9880000,0x00000000f9f00000)
 ParOldGen       total 22016K, used 14822K [0x00000000e0400000, 0x00000000e1980000, 0x00000000f5700000)
  object space 22016K, 67% used [0x00000000e0400000,0x00000000e12799a0,0x00000000e1980000)
 Metaspace       used 20750K, capacity 21130K, committed 21296K, reserved 1069056K
  class space    used 2479K, capacity 2637K, committed 2688K, reserved 1048576K
Event: 8.448 GC heap after
Heap after GC invocations=11 (full 1):
 PSYoungGen      total 73216K, used 0K [0x00000000f5700000, 0x00000000fa600000, 0x0000000100000000)
  eden space 67072K, 0% used [0x00000000f5700000,0x00000000f5700000,0x00000000f9880000)
  from space 6144K, 0% used [0x00000000f9f00000,0x00000000f9f00000,0x00000000fa500000)
  to   space 6656K, 0% used [0x00000000f9880000,0x00000000f9880000,0x00000000f9f00000)
 ParOldGen       total 26624K, used 10697K [0x00000000e0400000, 0x00000000e1e00000, 0x00000000f5700000)
  object space 26624K, 40% used [0x00000000e0400000,0x00000000e0e727d8,0x00000000e1e00000)
 Metaspace       used 20750K, capacity 21130K, committed 21296K, reserved 1069056K
  class space    used 2479K, capacity 2637K, committed 2688K, reserved 1048576K
}
Event: 10.305 GC heap before
{Heap before GC invocations=12 (full 1):
 PSYoungGen      total 73216K, used 67072K [0x00000000f5700000, 0x00000000fa600000, 0x0000000100000000)
  eden space 67072K, 100% used [0x00000000f5700000,0x00000000f9880000,0x00000000f9880000)
  from space 6144K, 0% used [0x00000000f9f00000,0x00000000f9f00000,0x00000000fa500000)
  to   space 6656K, 0% used [0x00000000f9880000,0x00000000f9880000,0x00000000f9f00000)
 ParOldGen       total 26624K, used 10697K [0x00000000e0400000, 0x00000000e1e00000, 0x00000000f5700000)
  object space 26624K, 40% used [0x00000000e0400000,0x00000000e0e727d8,0x00000000e1e00000)
 Metaspace       used 22802K, capacity 23298K, committed 23552K, reserved 1071104K
  class space    used 2651K, capacity 2800K, committed 2816K, reserved 1048576K
Event: 10.324 GC heap after
Heap after GC invocations=12 (full 1):
 PSYoungGen      total 73728K, used 6631K [0x00000000f5700000, 0x00000000fc500000, 0x0000000100000000)
  eden space 67072K, 0% used [0x00000000f5700000,0x00000000f5700000,0x00000000f9880000)
  from space 6656K, 99% used [0x00000000f9880000,0x00000000f9ef9fe8,0x00000000f9f00000)
  to   space 11264K, 0% used [0x00000000fba00000,0x00000000fba00000,0x00000000fc500000)
 ParOldGen       total 26624K, used 18423K [0x00000000e0400000, 0x00000000e1e00000, 0x00000000f5700000)
  object space 26624K, 69% used [0x00000000e0400000,0x00000000e15fdd00,0x00000000e1e00000)
 Metaspace       used 22802K, capacity 23298K, committed 23552K, reserved 1071104K
  class space    used 2651K, capacity 2800K, committed 2816K, reserved 1048576K
}

