<?xml version="1.0" encoding="UTF-8"?>
<!-- Generated by org.testng.reporters.JUnitXMLReporter -->
<testsuite ignored="2" hostname="DESKTOP-M34RMDV" failures="0" tests="1" name="Default test" time="27.725" errors="0" timestamp="2021-08-27T23:57:29 IST">
  <testcase classname="com.vtiger.comcast.leadsTest.NavigateToLeadPageTest" name="navigateToLeadPageTest" time="6.826"/>
  <testcase classname="com.vtiger.comcast.leadsTest.NavigateToLeadPageTest" name="CreateNewLeadByFillAllTheFieldsAndSaveTest" time="0.0">
    <ignored/>
  </testcase> <!-- CreateNewLeadByFillAllTheFieldsAndSaveTest -->
  <testcase classname="com.vtiger.comcast.leadsTest.NavigateToLeadPageTest" name="CreateNewLeadByFillAllTheMandotoryFieldsAndSaveTest" time="0.0">
    <ignored/>
  </testcase> <!-- CreateNewLeadByFillAllTheMandotoryFieldsAndSaveTest -->
</testsuite> <!-- Default test -->
