<?xml version="1.0" encoding="UTF-8"?>
<!-- Generated by org.testng.reporters.JUnitXMLReporter -->
<testsuite ignored="0" hostname="DESKTOP-M34RMDV" failures="0" tests="3" name="Test1" time="70.403" errors="0" timestamp="2021-08-24T21:04:23 IST">
  <testcase classname="com.vtiger.comcast.ContactPageTest.CreateContactPageTest" name="ceateContactWithOrg" time="0.084"/>
  <testcase classname="com.vtiger.comcast.ContactPageTest.CreateContactPageTest" name="createContact" time="0.007"/>
  <testcase classname="com.vtiger.comcast.ContactPageTest.CreateContactPageTest" name="createContactWithIndustries" time="0.004"/>
</testsuite> <!-- Test1 -->
