<?xml version="1.0" encoding="UTF-8"?>
<!-- Generated by org.testng.reporters.JUnitXMLReporter -->
<testsuite ignored="0" hostname="DESKTOP-M34RMDV" failures="0" tests="3" name="Test" time="84.997" errors="0" timestamp="2021-08-27T23:38:34 IST">
  <testcase classname="com.vtiger.comcast.leadsTest.NavigateToLeadPageTest" name="navigateToLeadPageTest" time="7.755"/>
  <testcase classname="com.vtiger.comcast.leadsTest.NavigateToLeadPageTest" name="CreateNewLeadByFillAllTheMandotoryFieldsAndSaveTest" time="16.335"/>
  <testcase classname="com.vtiger.comcast.leadsTest.NavigateToLeadPageTest" name="CreateNewLeadByFillAllTheFieldsAndSaveTest" time="16.642"/>
</testsuite> <!-- Test -->
