<?xml version="1.0" encoding="UTF-8"?>
<testng-results ignored="2" total="3" passed="1" failed="0" skipped="0">
  <reporter-output>
  </reporter-output>
  <suite started-at="2021-08-27T23:57:01 IST" name="Default suite" finished-at="2021-08-27T23:57:29 IST" duration-ms="27725">
    <groups>
      <group name="smokeTest">
        <method signature="NavigateToLeadPageTest.navigateToLeadPageTest()[pri:1, instance:com.vtiger.comcast.leadsTest.NavigateToLeadPageTest@d5b810e]" name="navigateToLeadPageTest" class="com.vtiger.comcast.leadsTest.NavigateToLeadPageTest"/>
      </group> <!-- smokeTest -->
    </groups>
    <test started-at="2021-08-27T23:57:01 IST" name="Default test" finished-at="2021-08-27T23:57:29 IST" duration-ms="27725">
      <class name="com.vtiger.comcast.leadsTest.NavigateToLeadPageTest">
        <test-method is-config="true" signature="configureBeforeClas()[pri:0, instance:com.vtiger.comcast.leadsTest.NavigateToLeadPageTest@d5b810e]" started-at="2021-08-27T23:57:01 IST" name="configureBeforeClas" finished-at="2021-08-27T23:57:10 IST" duration-ms="9193" status="PASS">
          <reporter-output>
          </reporter-output>
        </test-method> <!-- configureBeforeClas -->
        <test-method is-config="true" signature="configureBeforeMethod()[pri:0, instance:com.vtiger.comcast.leadsTest.NavigateToLeadPageTest@d5b810e]" started-at="2021-08-27T23:57:10 IST" name="configureBeforeMethod" finished-at="2021-08-27T23:57:20 IST" duration-ms="9500" status="PASS">
          <reporter-output>
          </reporter-output>
        </test-method> <!-- configureBeforeMethod -->
        <test-method signature="navigateToLeadPageTest()[pri:1, instance:com.vtiger.comcast.leadsTest.NavigateToLeadPageTest@d5b810e]" started-at="2021-08-27T23:57:20 IST" name="navigateToLeadPageTest" finished-at="2021-08-27T23:57:27 IST" duration-ms="6826" status="PASS">
          <reporter-output>
          </reporter-output>
        </test-method> <!-- navigateToLeadPageTest -->
        <test-method is-config="true" signature="configAM()[pri:0, instance:com.vtiger.comcast.leadsTest.NavigateToLeadPageTest@d5b810e]" started-at="2021-08-27T23:57:27 IST" name="configAM" finished-at="2021-08-27T23:57:29 IST" duration-ms="2124" status="PASS">
          <reporter-output>
          </reporter-output>
        </test-method> <!-- configAM -->
      </class> <!-- com.vtiger.comcast.leadsTest.NavigateToLeadPageTest -->
    </test> <!-- Default test -->
  </suite> <!-- Default suite -->
</testng-results>
